0 verbose cli /opt/hostedtoolcache/node/16.15.1/x64/bin/node /opt/hostedtoolcache/node/16.15.1/x64/bin/npm
1 info using npm@8.11.0
2 info using node@v16.15.1
3 timing npm:load:whichnode Completed in 0ms
4 timing config:load:defaults Completed in 2ms
5 timing config:load:file:/opt/hostedtoolcache/node/16.15.1/x64/lib/node_modules/npm/npmrc Completed in 2ms
6 timing config:load:builtin Completed in 2ms
7 timing config:load:cli Completed in 3ms
8 timing config:load:env Completed in 0ms
9 timing config:load:file:/home/runner/work/openit/openit/utils/rm/.npmrc Completed in 0ms
10 timing config:load:project Completed in 15ms
11 timing config:load:file:/home/runner/.npmrc Completed in 0ms
12 timing config:load:user Completed in 1ms
13 timing config:load:file:/opt/hostedtoolcache/node/16.15.1/x64/etc/npmrc Completed in 0ms
14 timing config:load:global Completed in 0ms
15 timing config:load:validate Completed in 0ms
16 timing config:load:credentials Completed in 2ms
17 timing config:load:setEnvs Completed in 1ms
18 timing config:load Completed in 27ms
19 timing npm:load:configload Completed in 27ms
20 timing npm:load:mkdirpcache Completed in 2ms
21 timing npm:load:mkdirplogs Completed in 0ms
22 verbose title npm ci
23 verbose argv "ci" "--cache" ".npm" "--loglevel" "warn" "--no-progress"
24 timing npm:load:setTitle Completed in 1ms
25 timing config:load:flatten Completed in 2ms
26 timing npm:load:display Completed in 4ms
27 verbose logfile logs-max:10 dir:/home/runner/work/openit/openit/utils/rm/.npm/_logs
28 verbose logfile /home/runner/work/openit/openit/utils/rm/.npm/_logs/2022-06-24T12_12_48_061Z-debug-0.log
29 timing npm:load:logFile Completed in 5ms
30 timing npm:load:timers Completed in 0ms
31 timing npm:load:configScope Completed in 0ms
32 timing npm:load Completed in 40ms
33 timing arborist:ctor Completed in 1ms
34 silly logfile done cleaning log files
35 timing idealTree:init Completed in 3ms
36 timing idealTree:userRequests Completed in 0ms
37 silly idealTree buildDeps
38 timing idealTree:#root Completed in 0ms
39 timing idealTree:buildDeps Completed in 4ms
40 timing idealTree:fixDepFlags Completed in 0ms
41 timing idealTree Completed in 10ms
42 timing npm-ci:rm Completed in 82ms
43 timing reify:loadTrees Completed in 6ms
44 timing reify:diffTrees Completed in 2ms
45 silly reify moves {}
46 timing reify:retireShallow Completed in 1ms
47 timing reify:createSparse Completed in 7ms
48 timing reify:loadBundles Completed in 0ms
49 silly audit bulk request {
49 silly audit   'ansi-regex': [ '2.1.1' ],
49 silly audit   'ansi-styles': [ '4.3.0' ],
49 silly audit   async: [ '2.6.4' ],
49 silly audit   asynckit: [ '0.4.0' ],
49 silly audit   axios: [ '0.27.2' ],
49 silly audit   'balanced-match': [ '1.0.2' ],
49 silly audit   'brace-expansion': [ '1.1.11' ],
49 silly audit   'buffer-crc32': [ '0.2.13' ],
49 silly audit   chalk: [ '4.1.2' ],
49 silly audit   'clash-proxy': [ '0.0.2' ],
49 silly audit   'code-point-at': [ '1.1.0' ],
49 silly audit   'color-convert': [ '2.0.1' ],
49 silly audit   'color-name': [ '1.1.4' ],
49 silly audit   'combined-stream': [ '1.0.8' ],
49 silly audit   'concat-map': [ '0.0.1' ],
49 silly audit   'delayed-stream': [ '1.0.0' ],
49 silly audit   encoding: [ '0.1.13' ],
49 silly audit   'fd-slicer': [ '1.1.0' ],
49 silly audit   'follow-redirects': [ '1.15.1' ],
49 silly audit   'form-data': [ '4.0.0' ],
49 silly audit   'fs.realpath': [ '1.0.0' ],
49 silly audit   'geoip-lite': [ '1.4.5' ],
49 silly audit   glob: [ '7.2.3' ],
49 silly audit   'has-flag': [ '4.0.0' ],
49 silly audit   'iconv-lite': [ '0.6.3' ],
49 silly audit   inflight: [ '1.0.6' ],
49 silly audit   inherits: [ '2.0.4' ],
49 silly audit   'ip-address': [ '5.9.4' ],
49 silly audit   'is-fullwidth-code-point': [ '1.0.0' ],
49 silly audit   'is-stream': [ '1.1.0' ],
49 silly audit   'isomorphic-fetch': [ '2.2.1' ],
49 silly audit   jsbn: [ '1.1.0' ],
49 silly audit   lazy: [ '1.0.11' ],
49 silly audit   lodash: [ '4.17.21' ],
49 silly audit   'mime-db': [ '1.52.0' ],
49 silly audit   'mime-types': [ '2.1.35' ],
49 silly audit   minimatch: [ '3.1.2' ],
49 silly audit   'node-fetch': [ '1.7.3' ],
49 silly audit   'number-is-nan': [ '1.0.1' ],
49 silly audit   once: [ '1.4.0' ],
49 silly audit   'path-is-absolute': [ '1.0.1' ],
49 silly audit   pend: [ '1.2.0' ],
49 silly audit   rimraf: [ '2.7.1' ],
49 silly audit   'safer-buffer': [ '2.1.2' ],
49 silly audit   'single-line-log': [ '1.1.2' ],
49 silly audit   'sprintf-js': [ '1.1.2' ],
49 silly audit   'string-width': [ '1.0.2' ],
49 silly audit   'strip-ansi': [ '3.0.1' ],
49 silly audit   'supports-color': [ '7.2.0' ],
49 silly audit   'whatwg-fetch': [ '3.6.2' ],
49 silly audit   wrappy: [ '1.0.2' ],
49 silly audit   yauzl: [ '2.10.0' ]
49 silly audit }
50 silly tarball no local data for yauzl@https://registry.npmmirror.com/yauzl/-/yauzl-2.10.0.tgz. Extracting by manifest.
51 silly tarball no local data for wrappy@https://registry.npmmirror.com/wrappy/-/wrappy-1.0.2.tgz. Extracting by manifest.
52 silly tarball no local data for whatwg-fetch@https://registry.npmmirror.com/whatwg-fetch/-/whatwg-fetch-3.6.2.tgz. Extracting by manifest.
53 silly tarball no local data for supports-color@https://registry.npmmirror.com/supports-color/-/supports-color-7.2.0.tgz. Extracting by manifest.
54 silly tarball no local data for strip-ansi@https://registry.npmmirror.com/strip-ansi/-/strip-ansi-3.0.1.tgz. Extracting by manifest.
55 silly tarball no local data for string-width@https://registry.npmmirror.com/string-width/-/string-width-1.0.2.tgz. Extracting by manifest.
56 silly tarball no local data for sprintf-js@https://registry.npmmirror.com/sprintf-js/-/sprintf-js-1.1.2.tgz. Extracting by manifest.
57 silly tarball no local data for single-line-log@https://registry.npmmirror.com/single-line-log/-/single-line-log-1.1.2.tgz. Extracting by manifest.
58 silly tarball no local data for safer-buffer@https://registry.npmmirror.com/safer-buffer/-/safer-buffer-2.1.2.tgz. Extracting by manifest.
59 silly tarball no local data for rimraf@https://registry.npmmirror.com/rimraf/-/rimraf-2.7.1.tgz. Extracting by manifest.
60 silly tarball no local data for pend@https://registry.npmmirror.com/pend/-/pend-1.2.0.tgz. Extracting by manifest.
61 silly tarball no local data for path-is-absolute@https://registry.npmmirror.com/path-is-absolute/-/path-is-absolute-1.0.1.tgz. Extracting by manifest.
62 silly tarball no local data for once@https://registry.npmmirror.com/once/-/once-1.4.0.tgz. Extracting by manifest.
63 silly tarball no local data for number-is-nan@https://registry.npmmirror.com/number-is-nan/-/number-is-nan-1.0.1.tgz. Extracting by manifest.
64 silly tarball no local data for node-fetch@https://registry.npmmirror.com/node-fetch/-/node-fetch-1.7.3.tgz. Extracting by manifest.
65 silly tarball no local data for minimatch@https://registry.npmmirror.com/minimatch/-/minimatch-3.1.2.tgz. Extracting by manifest.
66 silly tarball no local data for mime-types@https://registry.npmmirror.com/mime-types/-/mime-types-2.1.35.tgz. Extracting by manifest.
67 silly tarball no local data for mime-db@https://registry.npmmirror.com/mime-db/-/mime-db-1.52.0.tgz. Extracting by manifest.
68 silly tarball no local data for lodash@https://registry.npmmirror.com/lodash/-/lodash-4.17.21.tgz. Extracting by manifest.
69 silly tarball no local data for lazy@https://registry.npmmirror.com/lazy/-/lazy-1.0.11.tgz. Extracting by manifest.
70 silly tarball no local data for jsbn@https://registry.npmmirror.com/jsbn/-/jsbn-1.1.0.tgz. Extracting by manifest.
71 silly tarball no local data for isomorphic-fetch@https://registry.npmmirror.com/isomorphic-fetch/-/isomorphic-fetch-2.2.1.tgz. Extracting by manifest.
72 silly tarball no local data for is-stream@https://registry.npmmirror.com/is-stream/-/is-stream-1.1.0.tgz. Extracting by manifest.
73 silly tarball no local data for is-fullwidth-code-point@https://registry.npmmirror.com/is-fullwidth-code-point/-/is-fullwidth-code-point-1.0.0.tgz. Extracting by manifest.
74 silly tarball no local data for ip-address@https://registry.npmmirror.com/ip-address/-/ip-address-5.9.4.tgz. Extracting by manifest.
75 silly tarball no local data for inherits@https://registry.npmmirror.com/inherits/-/inherits-2.0.4.tgz. Extracting by manifest.
76 silly tarball no local data for inflight@https://registry.npmmirror.com/inflight/-/inflight-1.0.6.tgz. Extracting by manifest.
77 silly tarball no local data for iconv-lite@https://registry.npmmirror.com/iconv-lite/-/iconv-lite-0.6.3.tgz. Extracting by manifest.
78 silly tarball no local data for has-flag@https://registry.npmmirror.com/has-flag/-/has-flag-4.0.0.tgz. Extracting by manifest.
79 silly tarball no local data for glob@https://registry.npmmirror.com/glob/-/glob-7.2.3.tgz. Extracting by manifest.
80 silly tarball no local data for geoip-lite@https://registry.npmmirror.com/geoip-lite/-/geoip-lite-1.4.5.tgz. Extracting by manifest.
81 silly tarball no local data for fs.realpath@https://registry.npmmirror.com/fs.realpath/-/fs.realpath-1.0.0.tgz. Extracting by manifest.
82 silly tarball no local data for form-data@https://registry.npmmirror.com/form-data/-/form-data-4.0.0.tgz. Extracting by manifest.
83 silly tarball no local data for follow-redirects@https://registry.npmmirror.com/follow-redirects/-/follow-redirects-1.15.1.tgz. Extracting by manifest.
84 silly tarball no local data for fd-slicer@https://registry.npmmirror.com/fd-slicer/-/fd-slicer-1.1.0.tgz. Extracting by manifest.
85 silly tarball no local data for encoding@https://registry.npmmirror.com/encoding/-/encoding-0.1.13.tgz. Extracting by manifest.
86 silly tarball no local data for delayed-stream@https://registry.npmmirror.com/delayed-stream/-/delayed-stream-1.0.0.tgz. Extracting by manifest.
87 silly tarball no local data for concat-map@https://registry.npmmirror.com/concat-map/-/concat-map-0.0.1.tgz. Extracting by manifest.
88 silly tarball no local data for combined-stream@https://registry.npmmirror.com/combined-stream/-/combined-stream-1.0.8.tgz. Extracting by manifest.
89 silly tarball no local data for color-name@https://registry.npmmirror.com/color-name/-/color-name-1.1.4.tgz. Extracting by manifest.
90 silly tarball no local data for color-convert@https://registry.npmmirror.com/color-convert/-/color-convert-2.0.1.tgz. Extracting by manifest.
91 silly tarball no local data for code-point-at@https://registry.npmmirror.com/code-point-at/-/code-point-at-1.1.0.tgz. Extracting by manifest.
92 silly tarball no local data for clash-proxy@https://registry.npmmirror.com/clash-proxy/-/clash-proxy-0.0.2.tgz. Extracting by manifest.
93 silly tarball no local data for chalk@https://registry.npmmirror.com/chalk/-/chalk-4.1.2.tgz. Extracting by manifest.
94 silly tarball no local data for buffer-crc32@https://registry.npmmirror.com/buffer-crc32/-/buffer-crc32-0.2.13.tgz. Extracting by manifest.
95 silly tarball no local data for brace-expansion@https://registry.npmmirror.com/brace-expansion/-/brace-expansion-1.1.11.tgz. Extracting by manifest.
96 silly tarball no local data for balanced-match@https://registry.npmmirror.com/balanced-match/-/balanced-match-1.0.2.tgz. Extracting by manifest.
97 silly tarball no local data for axios@https://registry.npmmirror.com/axios/-/axios-0.27.2.tgz. Extracting by manifest.
98 silly tarball no local data for asynckit@https://registry.npmmirror.com/asynckit/-/asynckit-0.4.0.tgz. Extracting by manifest.
99 silly tarball no local data for async@https://registry.npmmirror.com/async/-/async-2.6.4.tgz. Extracting by manifest.
100 silly tarball no local data for ansi-styles@https://registry.npmmirror.com/ansi-styles/-/ansi-styles-4.3.0.tgz. Extracting by manifest.
101 silly tarball no local data for ansi-regex@https://registry.npmmirror.com/ansi-regex/-/ansi-regex-2.1.1.tgz. Extracting by manifest.
102 http fetch POST 200 https://registry.npmjs.org/-/npm/v1/security/advisories/bulk 492ms
103 timing auditReport:getReport Completed in 497ms
104 silly audit report {
104 silly audit report   'node-fetch': [
104 silly audit report     {
104 silly audit report       id: 1070022,
104 silly audit report       url: 'https://github.com/advisories/GHSA-r683-j2x4-v87g',
104 silly audit report       title: 'node-fetch is vulnerable to Exposure of Sensitive Information to an Unauthorized Actor',
104 silly audit report       severity: 'high',
104 silly audit report       vulnerable_versions: '<2.6.7',
104 silly audit report       cwe: [Array],
104 silly audit report       cvss: [Object]
104 silly audit report     },
104 silly audit report     {
104 silly audit report       id: 1070162,
104 silly audit report       url: 'https://github.com/advisories/GHSA-w7rc-rwvf-8q5r',
104 silly audit report       title: "The `size` option isn't honored after following a redirect in node-fetch",
104 silly audit report       severity: 'low',
104 silly audit report       vulnerable_versions: '<2.6.1',
104 silly audit report       cwe: [Array],
104 silly audit report       cvss: [Object]
104 silly audit report     }
104 silly audit report   ]
104 silly audit report }
105 timing metavuln:cache:get:security-advisory:node-fetch:4JIQ82DNHmDwHBivjr2cTA6fRmCHOQEo+nuHG4JkNBmQczWOm00xvqFx/ffCUbBgxNGFe53jRVsOd2ZEbCxEEw== Completed in 14ms
106 timing metavuln:cache:get:security-advisory:node-fetch:U4XFujuDTeqUAcEjnw/2dDkTUhY9VO38PSzfknAwSFAc08zBCJizUUKpHEROP3H0n3ruQypjJoy+/TS2tlHgzg== Completed in 12ms
107 http fetch GET 200 https://registry.npmjs.org/node-fetch 63ms (cache miss)
108 timing metavuln:packument:node-fetch Completed in 66ms
109 timing metavuln:load:security-advisory:node-fetch:1070022 Completed in 6ms
110 timing metavuln:load:security-advisory:node-fetch:1070162 Completed in 7ms
111 timing metavuln:cache:put:security-advisory:node-fetch:4JIQ82DNHmDwHBivjr2cTA6fRmCHOQEo+nuHG4JkNBmQczWOm00xvqFx/ffCUbBgxNGFe53jRVsOd2ZEbCxEEw== Completed in 11ms
112 timing metavuln:calculate:security-advisory:node-fetch:1070022 Completed in 84ms
113 timing metavuln:cache:put:security-advisory:node-fetch:U4XFujuDTeqUAcEjnw/2dDkTUhY9VO38PSzfknAwSFAc08zBCJizUUKpHEROP3H0n3ruQypjJoy+/TS2tlHgzg== Completed in 4ms
114 timing metavuln:calculate:security-advisory:node-fetch:1070162 Completed in 82ms
115 timing metavuln:cache:get:security-advisory:isomorphic-fetch:am/noeEWIdReks5neawyVD9ElmvvuL+pxwoPCxvEUXlvDJo/+ESUV9gSFXIj6TQDoDmt5TW554e34pIVxNXWdA== Completed in 1ms
116 http fetch GET 200 https://registry.npmjs.org/isomorphic-fetch 31ms (cache miss)
117 timing metavuln:packument:isomorphic-fetch Completed in 33ms
118 timing metavuln:load:security-advisory:isomorphic-fetch:4JIQ82DNHmDwHBivjr2cTA6fRmCHOQEo+nuHG4JkNBmQczWOm00xvqFx/ffCUbBgxNGFe53jRVsOd2ZEbCxEEw== Completed in 3ms
119 timing metavuln:cache:put:security-advisory:isomorphic-fetch:am/noeEWIdReks5neawyVD9ElmvvuL+pxwoPCxvEUXlvDJo/+ESUV9gSFXIj6TQDoDmt5TW554e34pIVxNXWdA== Completed in 2ms
120 timing metavuln:calculate:security-advisory:isomorphic-fetch:4JIQ82DNHmDwHBivjr2cTA6fRmCHOQEo+nuHG4JkNBmQczWOm00xvqFx/ffCUbBgxNGFe53jRVsOd2ZEbCxEEw== Completed in 38ms
121 timing metavuln:cache:get:security-advisory:clash-proxy:t8D5MDu5iSHsIKiwmRKkVse95EPA30NvC+45u7f4+ZFP32IzNzWBvFQl2H8klqI33SXhuByWf1c4Ho2c0+ajpg== Completed in 2ms
122 http fetch GET 200 https://registry.npmjs.org/clash-proxy 130ms (cache miss)
123 timing metavuln:packument:clash-proxy Completed in 131ms
124 timing metavuln:load:security-advisory:clash-proxy:am/noeEWIdReks5neawyVD9ElmvvuL+pxwoPCxvEUXlvDJo/+ESUV9gSFXIj6TQDoDmt5TW554e34pIVxNXWdA== Completed in 0ms
125 timing metavuln:cache:put:security-advisory:clash-proxy:t8D5MDu5iSHsIKiwmRKkVse95EPA30NvC+45u7f4+ZFP32IzNzWBvFQl2H8klqI33SXhuByWf1c4Ho2c0+ajpg== Completed in 2ms
126 timing metavuln:calculate:security-advisory:clash-proxy:am/noeEWIdReks5neawyVD9ElmvvuL+pxwoPCxvEUXlvDJo/+ESUV9gSFXIj6TQDoDmt5TW554e34pIVxNXWdA== Completed in 135ms
127 timing auditReport:init Completed in 259ms
128 timing reify:audit Completed in 757ms
129 http fetch GET 200 https://cdn.npmmirror.com/packages/path-is-absolute/1.0.1/path-is-absolute-1.0.1.tgz 1020ms (cache miss)
130 timing reifyNode:node_modules/path-is-absolute Completed in 1146ms
131 http fetch GET 200 https://cdn.npmmirror.com/packages/safer-buffer/2.1.2/safer-buffer-2.1.2.tgz 1042ms (cache miss)
132 timing reifyNode:node_modules/safer-buffer Completed in 1151ms
133 http fetch GET 200 https://cdn.npmmirror.com/packages/yauzl/2.10.0/yauzl-2.10.0.tgz 1089ms (cache miss)
134 timing reifyNode:node_modules/yauzl Completed in 1156ms
135 http fetch GET 200 https://cdn.npmmirror.com/packages/pend/1.2.0/pend-1.2.0.tgz 1043ms (cache miss)
136 timing reifyNode:node_modules/pend Completed in 1163ms
137 http fetch GET 200 https://cdn.npmmirror.com/packages/number-is-nan/1.0.1/number-is-nan-1.0.1.tgz 1071ms (cache miss)
138 timing reifyNode:node_modules/number-is-nan Completed in 1212ms
139 http fetch GET 200 https://cdn.npmmirror.com/packages/once/1.4.0/once-1.4.0.tgz 1087ms (cache miss)
140 timing reifyNode:node_modules/once Completed in 1217ms
141 http fetch GET 200 https://cdn.npmmirror.com/packages/strip-ansi/3.0.1/strip-ansi-3.0.1.tgz 1133ms (cache miss)
142 timing reifyNode:node_modules/strip-ansi Completed in 1222ms
143 http fetch GET 200 https://cdn.npmmirror.com/packages/rimraf/2.7.1/rimraf-2.7.1.tgz 1122ms (cache miss)
144 timing reifyNode:node_modules/rimraf Completed in 1235ms
145 http fetch GET 200 https://cdn.npmmirror.com/packages/whatwg-fetch/3.6.2/whatwg-fetch-3.6.2.tgz 1165ms (cache miss)
146 timing reifyNode:node_modules/whatwg-fetch Completed in 1242ms
147 http fetch GET 200 https://cdn.npmmirror.com/packages/sprintf-js/1.1.2/sprintf-js-1.1.2.tgz 1143ms (cache miss)
148 timing reifyNode:node_modules/sprintf-js Completed in 1245ms
149 http fetch GET 200 https://cdn.npmmirror.com/packages/wrappy/1.0.2/wrappy-1.0.2.tgz 1238ms (cache miss)
150 timing reifyNode:node_modules/wrappy Completed in 1311ms
151 http fetch GET 200 https://cdn.npmmirror.com/packages/supports-color/7.2.0/supports-color-7.2.0.tgz 1323ms (cache miss)
152 timing reifyNode:node_modules/supports-color Completed in 1408ms
153 http fetch GET 200 https://cdn.npmmirror.com/packages/string-width/1.0.2/string-width-1.0.2.tgz 1321ms (cache miss)
154 timing reifyNode:node_modules/string-width Completed in 1412ms
155 http fetch GET 200 https://cdn.npmmirror.com/packages/mime-types/2.1.35/mime-types-2.1.35.tgz 1250ms (cache miss)
156 timing reifyNode:node_modules/mime-types Completed in 1418ms
157 http fetch GET 200 https://cdn.npmmirror.com/packages/lazy/1.0.11/lazy-1.0.11.tgz 1247ms (cache miss)
158 http fetch GET 200 https://cdn.npmmirror.com/packages/isomorphic-fetch/2.2.1/isomorphic-fetch-2.2.1.tgz 1243ms (cache miss)
159 timing reifyNode:node_modules/isomorphic-fetch Completed in 1431ms
160 http fetch GET 200 https://cdn.npmmirror.com/packages/single-line-log/1.1.2/single-line-log-1.1.2.tgz 1331ms (cache miss)
161 timing reifyNode:node_modules/single-line-log Completed in 1436ms
162 http fetch GET 200 https://cdn.npmmirror.com/packages/mime-db/1.52.0/mime-db-1.52.0.tgz 1267ms (cache miss)
163 timing reifyNode:node_modules/mime-db Completed in 1439ms
164 http fetch GET 200 https://cdn.npmmirror.com/packages/jsbn/1.1.0/jsbn-1.1.0.tgz 1265ms (cache miss)
165 timing reifyNode:node_modules/jsbn Completed in 1448ms
166 http fetch GET 200 https://cdn.npmmirror.com/packages/is-stream/1.1.0/is-stream-1.1.0.tgz 1278ms (cache miss)
167 timing reifyNode:node_modules/is-stream Completed in 1475ms
168 http fetch GET 200 https://cdn.npmmirror.com/packages/is-fullwidth-code-point/1.0.0/is-fullwidth-code-point-1.0.0.tgz 1282ms (cache miss)
169 timing reifyNode:node_modules/is-fullwidth-code-point Completed in 1483ms
170 timing reifyNode:node_modules/lazy Completed in 1488ms
171 http fetch GET 200 https://cdn.npmmirror.com/packages/inherits/2.0.4/inherits-2.0.4.tgz 1279ms (cache miss)
172 timing reifyNode:node_modules/inherits Completed in 1498ms
173 http fetch GET 200 https://cdn.npmmirror.com/packages/inflight/1.0.6/inflight-1.0.6.tgz 1306ms (cache miss)
174 timing reifyNode:node_modules/inflight Completed in 1534ms
175 http fetch GET 200 https://cdn.npmmirror.com/packages/fs.realpath/1.0.0/fs.realpath-1.0.0.tgz 1406ms (cache miss)
176 timing reifyNode:node_modules/fs.realpath Completed in 1669ms
177 http fetch GET 200 https://cdn.npmmirror.com/packages/glob/7.2.3/glob-7.2.3.tgz 1427ms (cache miss)
178 timing reifyNode:node_modules/glob Completed in 1682ms
179 http fetch GET 200 https://cdn.npmmirror.com/packages/has-flag/4.0.0/has-flag-4.0.0.tgz 1435ms (cache miss)
180 timing reifyNode:node_modules/has-flag Completed in 1686ms
181 http fetch GET 200 https://cdn.npmmirror.com/packages/minimatch/3.1.2/minimatch-3.1.2.tgz 1551ms (cache miss)
182 timing reifyNode:node_modules/minimatch Completed in 1702ms
183 http fetch GET 200 https://cdn.npmmirror.com/packages/fd-slicer/1.1.0/fd-slicer-1.1.0.tgz 1432ms (cache miss)
184 timing reifyNode:node_modules/fd-slicer Completed in 1707ms
185 http fetch GET 200 https://cdn.npmmirror.com/packages/follow-redirects/1.15.1/follow-redirects-1.15.1.tgz 1444ms (cache miss)
186 timing reifyNode:node_modules/follow-redirects Completed in 1714ms
187 http fetch GET 200 https://cdn.npmmirror.com/packages/form-data/4.0.0/form-data-4.0.0.tgz 1457ms (cache miss)
188 timing reifyNode:node_modules/form-data Completed in 1725ms
189 http fetch GET 200 https://cdn.npmmirror.com/packages/delayed-stream/1.0.0/delayed-stream-1.0.0.tgz 1470ms (cache miss)
190 timing reifyNode:node_modules/delayed-stream Completed in 1755ms
191 http fetch GET 200 https://cdn.npmmirror.com/packages/encoding/0.1.13/encoding-0.1.13.tgz 1484ms (cache miss)
192 timing reifyNode:node_modules/encoding Completed in 1762ms
193 http fetch GET 200 https://cdn.npmmirror.com/packages/node-fetch/1.7.3/node-fetch-1.7.3.tgz 1640ms (cache miss)
194 timing reifyNode:node_modules/node-fetch Completed in 1790ms
195 http fetch GET 200 https://cdn.npmmirror.com/packages/concat-map/0.0.1/concat-map-0.0.1.tgz 1510ms (cache miss)
196 timing reifyNode:node_modules/concat-map Completed in 1799ms
197 http fetch GET 200 https://cdn.npmmirror.com/packages/iconv-lite/0.6.3/iconv-lite-0.6.3.tgz 1568ms (cache miss)
198 timing reifyNode:node_modules/iconv-lite Completed in 1811ms
199 http fetch GET 200 https://cdn.npmmirror.com/packages/combined-stream/1.0.8/combined-stream-1.0.8.tgz 1516ms (cache miss)
200 timing reifyNode:node_modules/combined-stream Completed in 1818ms
201 http fetch GET 200 https://cdn.npmmirror.com/packages/color-name/1.1.4/color-name-1.1.4.tgz 1560ms (cache miss)
202 timing reifyNode:node_modules/color-name Completed in 1866ms
203 http fetch GET 200 https://cdn.npmmirror.com/packages/ip-address/5.9.4/ip-address-5.9.4.tgz 1671ms (cache miss)
204 timing reifyNode:node_modules/ip-address Completed in 1876ms
205 http fetch GET 200 https://cdn.npmmirror.com/packages/color-convert/2.0.1/color-convert-2.0.1.tgz 1690ms (cache miss)
206 timing reifyNode:node_modules/color-convert Completed in 2001ms
207 http fetch GET 200 https://cdn.npmmirror.com/packages/code-point-at/1.1.0/code-point-at-1.1.0.tgz 1700ms (cache miss)
208 timing reifyNode:node_modules/code-point-at Completed in 2014ms
209 http fetch GET 200 https://cdn.npmmirror.com/packages/buffer-crc32/0.2.13/buffer-crc32-0.2.13.tgz 1727ms (cache miss)
210 timing reifyNode:node_modules/buffer-crc32 Completed in 2056ms
211 http fetch GET 200 https://cdn.npmmirror.com/packages/brace-expansion/1.1.11/brace-expansion-1.1.11.tgz 1733ms (cache miss)
212 timing reifyNode:node_modules/brace-expansion Completed in 2067ms
213 http fetch GET 200 https://cdn.npmmirror.com/packages/chalk/4.1.2/chalk-4.1.2.tgz 1749ms (cache miss)
214 timing reifyNode:node_modules/chalk Completed in 2070ms
215 http fetch GET 200 https://cdn.npmmirror.com/packages/clash-proxy/0.0.2/clash-proxy-0.0.2.tgz 1757ms (cache miss)
216 timing reifyNode:node_modules/clash-proxy Completed in 2074ms
217 http fetch GET 200 https://cdn.npmmirror.com/packages/balanced-match/1.0.2/balanced-match-1.0.2.tgz 1744ms (cache miss)
218 timing reifyNode:node_modules/balanced-match Completed in 2081ms
219 http fetch GET 200 https://cdn.npmmirror.com/packages/ansi-regex/2.1.1/ansi-regex-2.1.1.tgz 1727ms (cache miss)
220 timing reifyNode:node_modules/ansi-regex Completed in 2088ms
221 http fetch GET 200 https://cdn.npmmirror.com/packages/asynckit/0.4.0/asynckit-0.4.0.tgz 1749ms (cache miss)
222 timing reifyNode:node_modules/asynckit Completed in 2101ms
223 http fetch GET 200 https://cdn.npmmirror.com/packages/axios/0.27.2/axios-0.27.2.tgz 1810ms (cache miss)
224 timing reifyNode:node_modules/axios Completed in 2157ms
225 http fetch GET 200 https://cdn.npmmirror.com/packages/ansi-styles/4.3.0/ansi-styles-4.3.0.tgz 1844ms (cache miss)
226 timing reifyNode:node_modules/ansi-styles Completed in 2201ms
227 http fetch GET 200 https://cdn.npmmirror.com/packages/async/2.6.4/async-2.6.4.tgz 1890ms (cache miss)
228 timing reifyNode:node_modules/async Completed in 2244ms
229 http fetch GET 200 https://cdn.npmmirror.com/packages/lodash/4.17.21/lodash-4.17.21.tgz 2316ms (cache miss)
230 timing reifyNode:node_modules/lodash Completed in 2494ms
231 http fetch GET 200 https://cdn.npmmirror.com/packages/geoip-lite/1.4.5/geoip-lite-1.4.5.tgz 3619ms (cache miss)
232 timing reifyNode:node_modules/geoip-lite Completed in 3878ms
233 timing reify:unpack Completed in 3880ms
234 timing reify:unretire Completed in 1ms
235 timing build:queue Completed in 2ms
236 timing build:link:node_modules/rimraf Completed in 3ms
237 timing build:link Completed in 3ms
238 timing build:deps Completed in 6ms
239 timing build Completed in 6ms
240 timing reify:build Completed in 6ms
241 timing reify:trash Completed in 0ms
242 timing reify Completed in 3928ms
243 silly ADD node_modules/yauzl
244 silly ADD node_modules/wrappy
245 silly ADD node_modules/whatwg-fetch
246 silly ADD node_modules/supports-color
247 silly ADD node_modules/strip-ansi
248 silly ADD node_modules/string-width
249 silly ADD node_modules/sprintf-js
250 silly ADD node_modules/single-line-log
251 silly ADD node_modules/safer-buffer
252 silly ADD node_modules/rimraf
253 silly ADD node_modules/pend
254 silly ADD node_modules/path-is-absolute
255 silly ADD node_modules/once
256 silly ADD node_modules/number-is-nan
257 silly ADD node_modules/node-fetch
258 silly ADD node_modules/minimatch
259 silly ADD node_modules/mime-types
260 silly ADD node_modules/mime-db
261 silly ADD node_modules/lodash
262 silly ADD node_modules/lazy
263 silly ADD node_modules/jsbn
264 silly ADD node_modules/isomorphic-fetch
265 silly ADD node_modules/is-stream
266 silly ADD node_modules/is-fullwidth-code-point
267 silly ADD node_modules/ip-address
268 silly ADD node_modules/inherits
269 silly ADD node_modules/inflight
270 silly ADD node_modules/iconv-lite
271 silly ADD node_modules/has-flag
272 silly ADD node_modules/glob
273 silly ADD node_modules/geoip-lite
274 silly ADD node_modules/fs.realpath
275 silly ADD node_modules/form-data
276 silly ADD node_modules/follow-redirects
277 silly ADD node_modules/fd-slicer
278 silly ADD node_modules/encoding
279 silly ADD node_modules/delayed-stream
280 silly ADD node_modules/concat-map
281 silly ADD node_modules/combined-stream
282 silly ADD node_modules/color-name
283 silly ADD node_modules/color-convert
284 silly ADD node_modules/code-point-at
285 silly ADD node_modules/clash-proxy
286 silly ADD node_modules/chalk
287 silly ADD node_modules/buffer-crc32
288 silly ADD node_modules/brace-expansion
289 silly ADD node_modules/balanced-match
290 silly ADD node_modules/axios
291 silly ADD node_modules/asynckit
292 silly ADD node_modules/async
293 silly ADD node_modules/ansi-styles
294 silly ADD node_modules/ansi-regex
295 timing command:ci Completed in 4091ms
296 verbose exit 0
297 timing npm Completed in 4231ms
298 info ok
